<?xml version="1.0" encoding="UTF-8"?>
<coverage generated="1585597271663" clover="3.2.0">
  <project timestamp="1585597271663" name="All files">
    <metrics statements="63" coveredstatements="61" conditionals="6" coveredconditionals="6" methods="40" coveredmethods="39" elements="109" coveredelements="106" complexity="0" loc="63" ncloc="63" packages="4" files="4" classes="4"/>
    <package name="src.orders">
      <metrics statements="8" coveredstatements="8" conditionals="2" coveredconditionals="2" methods="4" coveredmethods="4"/>
      <file name="order.service.ts" path="C:\Users\Kiddo\Desktop\Code\WebDev\productsite-firebase\functions\src\orders\order.service.ts">
        <metrics statements="8" coveredstatements="8" conditionals="2" coveredconditionals="2" methods="4" coveredmethods="4"/>
        <line num="4" count="1" type="stmt"/>
        <line num="6" count="5" type="stmt"/>
        <line num="9" count="1" type="stmt"/>
        <line num="13" count="4" type="stmt"/>
        <line num="14" count="2" type="stmt"/>
        <line num="15" count="2" type="stmt"/>
        <line num="19" count="6" type="cond" truecount="2" falsecount="0"/>
        <line num="20" count="2" type="stmt"/>
      </file>
    </package>
    <package name="src.products">
      <metrics statements="7" coveredstatements="7" conditionals="0" coveredconditionals="0" methods="4" coveredmethods="4"/>
      <file name="product.service.ts" path="C:\Users\Kiddo\Desktop\Code\WebDev\productsite-firebase\functions\src\products\product.service.ts">
        <metrics statements="7" coveredstatements="7" conditionals="0" coveredconditionals="0" methods="4" coveredmethods="4"/>
        <line num="5" count="1" type="stmt"/>
        <line num="7" count="5" type="stmt"/>
        <line num="10" count="1" type="stmt"/>
        <line num="14" count="1" type="stmt"/>
        <line num="15" count="1" type="stmt"/>
        <line num="19" count="1" type="stmt"/>
        <line num="20" count="1" type="stmt"/>
      </file>
    </package>
    <package name="src.stocks">
      <metrics statements="17" coveredstatements="15" conditionals="4" coveredconditionals="4" methods="9" coveredmethods="8"/>
      <file name="stock.service.ts" path="C:\Users\Kiddo\Desktop\Code\WebDev\productsite-firebase\functions\src\stocks\stock.service.ts">
        <metrics statements="17" coveredstatements="15" conditionals="4" coveredconditionals="4" methods="9" coveredmethods="8"/>
        <line num="5" count="1" type="stmt"/>
        <line num="7" count="9" type="stmt"/>
        <line num="10" count="0" type="stmt"/>
        <line num="11" count="0" type="stmt"/>
        <line num="15" count="1" type="stmt"/>
        <line num="19" count="1" type="stmt"/>
        <line num="23" count="1" type="stmt"/>
        <line num="27" count="1" type="stmt"/>
        <line num="28" count="1" type="stmt"/>
        <line num="32" count="5" type="stmt"/>
        <line num="33" count="3" type="stmt"/>
        <line num="37" count="4" type="stmt"/>
        <line num="38" count="2" type="stmt"/>
        <line num="42" count="5" type="cond" truecount="2" falsecount="0"/>
        <line num="43" count="2" type="stmt"/>
        <line num="48" count="4" type="cond" truecount="2" falsecount="0"/>
        <line num="49" count="2" type="stmt"/>
      </file>
    </package>
    <package name="test.helpers">
      <metrics statements="31" coveredstatements="31" conditionals="0" coveredconditionals="0" methods="23" coveredmethods="23"/>
      <file name="mockProvider.ts" path="C:\Users\Kiddo\Desktop\Code\WebDev\productsite-firebase\functions\test\helpers\mockProvider.ts">
        <metrics statements="31" coveredstatements="31" conditionals="0" coveredconditionals="0" methods="23" coveredmethods="23"/>
        <line num="4" count="3" type="stmt"/>
        <line num="10" count="3" type="stmt"/>
        <line num="13" count="4" type="stmt"/>
        <line num="14" count="4" type="stmt"/>
        <line num="16" count="4" type="stmt"/>
        <line num="21" count="4" type="stmt"/>
        <line num="22" count="4" type="stmt"/>
        <line num="24" count="4" type="stmt"/>
        <line num="26" count="4" type="stmt"/>
        <line num="31" count="4" type="stmt"/>
        <line num="32" count="4" type="stmt"/>
        <line num="34" count="4" type="stmt"/>
        <line num="39" count="8" type="stmt"/>
        <line num="40" count="8" type="stmt"/>
        <line num="42" count="8" type="stmt"/>
        <line num="44" count="8" type="stmt"/>
        <line num="46" count="8" type="stmt"/>
        <line num="51" count="1" type="stmt"/>
        <line num="55" count="3" type="stmt"/>
        <line num="59" count="4" type="stmt"/>
        <line num="63" count="7" type="stmt"/>
        <line num="67" count="6" type="stmt"/>
        <line num="71" count="6" type="stmt"/>
        <line num="75" count="2" type="stmt"/>
        <line num="78" count="3" type="stmt"/>
        <line num="84" count="3" type="stmt"/>
        <line num="88" count="3" type="stmt"/>
        <line num="92" count="3" type="stmt"/>
        <line num="96" count="3" type="stmt"/>
        <line num="100" count="3" type="stmt"/>
        <line num="105" count="3" type="stmt"/>
      </file>
    </package>
  </project>
</coverage>
