{"C:\\Users\\Kiddo\\Desktop\\Code\\WebDev\\productsite-firebase\\functions\\src\\products\\product.service.ts": {"path":"C:\\Users\\Kiddo\\Desktop\\Code\\WebDev\\productsite-firebase\\functions\\src\\products\\product.service.ts","statementMap":{"0":{"start":{"line":7,"column":22},"end":{"line":7,"column":58}},"1":{"start":{"line":10,"column":25},"end":{"line":10,"column":50}},"2":{"start":{"line":11,"column":4},"end":{"line":11,"column":70}},"3":{"start":{"line":15,"column":4},"end":{"line":15,"column":54}},"4":{"start":{"line":19,"column":4},"end":{"line":19,"column":88}},"5":{"start":{"line":23,"column":33},"end":{"line":26,"column":null}},"6":{"start":{"line":27,"column":4},"end":{"line":27,"column":25}},"7":{"start":{"line":5,"column":0},"end":{"line":5,"column":13}}},"fnMap":{"0":{"name":"(anonymous_0)","decl":{"start":{"line":7,"column":2},"end":{"line":7,"column":22}},"loc":{"start":{"line":7,"column":58},"end":{"line":7,"column":62}}},"1":{"name":"(anonymous_1)","decl":{"start":{"line":9,"column":2},"end":{"line":9,"column":19}},"loc":{"start":{"line":9,"column":55},"end":{"line":12,"column":3}}},"2":{"name":"(anonymous_2)","decl":{"start":{"line":14,"column":2},"end":{"line":14,"column":12}},"loc":{"start":{"line":14,"column":28},"end":{"line":16,"column":3}}},"3":{"name":"(anonymous_3)","decl":{"start":{"line":18,"column":2},"end":{"line":18,"column":15}},"loc":{"start":{"line":18,"column":80},"end":{"line":20,"column":3}}},"4":{"name":"(anonymous_4)","decl":{"start":{"line":22,"column":2},"end":{"line":22,"column":13}},"loc":{"start":{"line":22,"column":30},"end":{"line":28,"column":3}}}},"branchMap":{},"s":{"0":2,"1":0,"2":0,"3":0,"4":0,"5":2,"6":2,"7":1},"f":{"0":2,"1":0,"2":0,"3":0,"4":2},"b":{}}
}
