{"C:\\Users\\Kiddo\\Desktop\\Code\\WebDev\\productsite-firebase\\functions\\src\\orders\\order.service.ts": {"path":"C:\\Users\\Kiddo\\Desktop\\Code\\WebDev\\productsite-firebase\\functions\\src\\orders\\order.service.ts","statementMap":{"0":{"start":{"line":6,"column":22},"end":{"line":6,"column":54}},"1":{"start":{"line":9,"column":4},"end":{"line":9,"column":71}},"2":{"start":{"line":13,"column":4},"end":{"line":13,"column":50}},"3":{"start":{"line":14,"column":4},"end":{"line":14,"column":49}},"4":{"start":{"line":15,"column":4},"end":{"line":15,"column":85}},"5":{"start":{"line":19,"column":4},"end":{"line":21,"column":null}},"6":{"start":{"line":20,"column":6},"end":{"line":20,"column":59}},"7":{"start":{"line":4,"column":0},"end":{"line":4,"column":13}}},"fnMap":{"0":{"name":"(anonymous_0)","decl":{"start":{"line":6,"column":2},"end":{"line":6,"column":22}},"loc":{"start":{"line":6,"column":54},"end":{"line":6,"column":58}}},"1":{"name":"(anonymous_1)","decl":{"start":{"line":8,"column":2},"end":{"line":8,"column":31}},"loc":{"start":{"line":8,"column":47},"end":{"line":10,"column":3}}},"2":{"name":"(anonymous_2)","decl":{"start":{"line":12,"column":2},"end":{"line":12,"column":25}},"loc":{"start":{"line":12,"column":71},"end":{"line":16,"column":3}}},"3":{"name":"(anonymous_3)","decl":{"start":{"line":18,"column":2},"end":{"line":18,"column":27}},"loc":{"start":{"line":18,"column":44},"end":{"line":22,"column":3}}}},"branchMap":{"0":{"loc":{"start":{"line":19,"column":4},"end":{"line":21,"column":null}},"type":"if","locations":[{"start":{"line":19,"column":4},"end":{"line":21,"column":null}},{"start":{"line":19,"column":4},"end":{"line":21,"column":null}}]}},"s":{"0":5,"1":1,"2":4,"3":2,"4":2,"5":6,"6":2,"7":1},"f":{"0":5,"1":1,"2":4,"3":6},"b":{"0":[2,4]}}
,"C:\\Users\\Kiddo\\Desktop\\Code\\WebDev\\productsite-firebase\\functions\\src\\products\\product.service.ts": {"path":"C:\\Users\\Kiddo\\Desktop\\Code\\WebDev\\productsite-firebase\\functions\\src\\products\\product.service.ts","statementMap":{"0":{"start":{"line":7,"column":22},"end":{"line":7,"column":48}},"1":{"start":{"line":7,"column":57},"end":{"line":7,"column":83}},"2":{"start":{"line":10,"column":4},"end":{"line":10,"column":61}},"3":{"start":{"line":14,"column":4},"end":{"line":14,"column":47}},"4":{"start":{"line":15,"column":4},"end":{"line":15,"column":68}},"5":{"start":{"line":19,"column":4},"end":{"line":19,"column":74}},"6":{"start":{"line":20,"column":4},"end":{"line":20,"column":82}},"7":{"start":{"line":5,"column":0},"end":{"line":5,"column":13}}},"fnMap":{"0":{"name":"(anonymous_0)","decl":{"start":{"line":7,"column":2},"end":{"line":7,"column":22}},"loc":{"start":{"line":7,"column":83},"end":{"line":7,"column":87}}},"1":{"name":"(anonymous_1)","decl":{"start":{"line":9,"column":2},"end":{"line":9,"column":19}},"loc":{"start":{"line":9,"column":55},"end":{"line":11,"column":3}}},"2":{"name":"(anonymous_2)","decl":{"start":{"line":13,"column":2},"end":{"line":13,"column":12}},"loc":{"start":{"line":13,"column":28},"end":{"line":16,"column":3}}},"3":{"name":"(anonymous_3)","decl":{"start":{"line":18,"column":2},"end":{"line":18,"column":15}},"loc":{"start":{"line":18,"column":80},"end":{"line":21,"column":3}}}},"branchMap":{},"s":{"0":5,"1":5,"2":1,"3":1,"4":1,"5":1,"6":1,"7":1},"f":{"0":5,"1":1,"2":1,"3":1},"b":{}}
,"C:\\Users\\Kiddo\\Desktop\\Code\\WebDev\\productsite-firebase\\functions\\src\\stocks\\stock.service.ts": {"path":"C:\\Users\\Kiddo\\Desktop\\Code\\WebDev\\productsite-firebase\\functions\\src\\stocks\\stock.service.ts","statementMap":{"0":{"start":{"line":7,"column":22},"end":{"line":7,"column":54}},"1":{"start":{"line":10,"column":18},"end":{"line":10,"column":51}},"2":{"start":{"line":11,"column":4},"end":{"line":11,"column":59}},"3":{"start":{"line":15,"column":25},"end":{"line":18,"column":null}},"4":{"start":{"line":19,"column":4},"end":{"line":19,"column":null}},"5":{"start":{"line":23,"column":4},"end":{"line":23,"column":75}},"6":{"start":{"line":27,"column":18},"end":{"line":27,"column":63}},"7":{"start":{"line":28,"column":4},"end":{"line":28,"column":44}},"8":{"start":{"line":32,"column":4},"end":{"line":32,"column":40}},"9":{"start":{"line":33,"column":4},"end":{"line":33,"column":67}},"10":{"start":{"line":37,"column":4},"end":{"line":37,"column":49}},"11":{"start":{"line":38,"column":4},"end":{"line":38,"column":76}},"12":{"start":{"line":42,"column":4},"end":{"line":44,"column":null}},"13":{"start":{"line":43,"column":6},"end":{"line":43,"column":70}},"14":{"start":{"line":48,"column":4},"end":{"line":50,"column":null}},"15":{"start":{"line":49,"column":6},"end":{"line":49,"column":59}},"16":{"start":{"line":5,"column":0},"end":{"line":5,"column":13}}},"fnMap":{"0":{"name":"(anonymous_0)","decl":{"start":{"line":7,"column":2},"end":{"line":7,"column":22}},"loc":{"start":{"line":7,"column":54},"end":{"line":7,"column":58}}},"1":{"name":"(anonymous_1)","decl":{"start":{"line":9,"column":2},"end":{"line":9,"column":13}},"loc":{"start":{"line":9,"column":49},"end":{"line":12,"column":3}}},"2":{"name":"(anonymous_2)","decl":{"start":{"line":14,"column":2},"end":{"line":14,"column":21}},"loc":{"start":{"line":14,"column":38},"end":{"line":20,"column":3}}},"3":{"name":"(anonymous_3)","decl":{"start":{"line":22,"column":2},"end":{"line":22,"column":26}},"loc":{"start":{"line":22,"column":58},"end":{"line":24,"column":3}}},"4":{"name":"(anonymous_4)","decl":{"start":{"line":26,"column":2},"end":{"line":26,"column":24}},"loc":{"start":{"line":26,"column":24},"end":{"line":29,"column":3}}},"5":{"name":"(anonymous_5)","decl":{"start":{"line":31,"column":2},"end":{"line":31,"column":29}},"loc":{"start":{"line":31,"column":42},"end":{"line":34,"column":3}}},"6":{"name":"(anonymous_6)","decl":{"start":{"line":36,"column":2},"end":{"line":36,"column":20}},"loc":{"start":{"line":36,"column":61},"end":{"line":39,"column":3}}},"7":{"name":"(anonymous_7)","decl":{"start":{"line":41,"column":2},"end":{"line":41,"column":25}},"loc":{"start":{"line":41,"column":38},"end":{"line":45,"column":3}}},"8":{"name":"(anonymous_8)","decl":{"start":{"line":47,"column":2},"end":{"line":47,"column":27}},"loc":{"start":{"line":47,"column":44},"end":{"line":51,"column":3}}}},"branchMap":{"0":{"loc":{"start":{"line":42,"column":4},"end":{"line":44,"column":null}},"type":"if","locations":[{"start":{"line":42,"column":4},"end":{"line":44,"column":null}},{"start":{"line":42,"column":4},"end":{"line":44,"column":null}}]},"1":{"loc":{"start":{"line":48,"column":4},"end":{"line":50,"column":null}},"type":"if","locations":[{"start":{"line":48,"column":4},"end":{"line":50,"column":null}},{"start":{"line":48,"column":4},"end":{"line":50,"column":null}}]}},"s":{"0":9,"1":0,"2":0,"3":1,"4":1,"5":1,"6":1,"7":1,"8":5,"9":3,"10":4,"11":2,"12":5,"13":2,"14":4,"15":2,"16":1},"f":{"0":9,"1":0,"2":1,"3":1,"4":1,"5":5,"6":4,"7":5,"8":4},"b":{"0":[2,3],"1":[2,2]}}
,"C:\\Users\\Kiddo\\Desktop\\Code\\WebDev\\productsite-firebase\\functions\\test\\helpers\\mockProvider.ts": {"path":"C:\\Users\\Kiddo\\Desktop\\Code\\WebDev\\productsite-firebase\\functions\\test\\helpers\\mockProvider.ts","statementMap":{"0":{"start":{"line":4,"column":0},"end":{"line":4,"column":37}},"1":{"start":{"line":78,"column":2},"end":{"line":82,"column":4}},"2":{"start":{"line":84,"column":2},"end":{"line":86,"column":4}},"3":{"start":{"line":88,"column":2},"end":{"line":90,"column":null}},"4":{"start":{"line":92,"column":2},"end":{"line":94,"column":null}},"5":{"start":{"line":96,"column":2},"end":{"line":98,"column":null}},"6":{"start":{"line":100,"column":2},"end":{"line":103,"column":4}},"7":{"start":{"line":105,"column":2},"end":{"line":108,"column":null}},"8":{"start":{"line":13,"column":4},"end":{"line":17,"column":34}},"9":{"start":{"line":14,"column":19},"end":{"line":14,"column":57}},"10":{"start":{"line":16,"column":19},"end":{"line":16,"column":84}},"11":{"start":{"line":21,"column":4},"end":{"line":27,"column":34}},"12":{"start":{"line":22,"column":19},"end":{"line":22,"column":46}},"13":{"start":{"line":24,"column":19},"end":{"line":24,"column":53}},"14":{"start":{"line":26,"column":19},"end":{"line":26,"column":65}},"15":{"start":{"line":31,"column":4},"end":{"line":35,"column":34}},"16":{"start":{"line":32,"column":19},"end":{"line":32,"column":57}},"17":{"start":{"line":34,"column":19},"end":{"line":34,"column":84}},"18":{"start":{"line":39,"column":4},"end":{"line":47,"column":34}},"19":{"start":{"line":40,"column":19},"end":{"line":40,"column":46}},"20":{"start":{"line":42,"column":19},"end":{"line":42,"column":61}},"21":{"start":{"line":44,"column":19},"end":{"line":44,"column":65}},"22":{"start":{"line":46,"column":19},"end":{"line":46,"column":64}},"23":{"start":{"line":51,"column":4},"end":{"line":51,"column":26}},"24":{"start":{"line":55,"column":4},"end":{"line":55,"column":24}},"25":{"start":{"line":59,"column":4},"end":{"line":59,"column":30}},"26":{"start":{"line":63,"column":4},"end":{"line":63,"column":29}},"27":{"start":{"line":67,"column":4},"end":{"line":67,"column":33}},"28":{"start":{"line":71,"column":4},"end":{"line":71,"column":22}},"29":{"start":{"line":75,"column":4},"end":{"line":75,"column":31}},"30":{"start":{"line":10,"column":0},"end":{"line":10,"column":13}}},"fnMap":{"0":{"name":"(anonymous_0)","decl":{"start":{"line":10,"column":0},"end":{"line":10,"column":13}},"loc":{"start":{"line":10,"column":0},"end":{"line":109,"column":1}}},"1":{"name":"(anonymous_1)","decl":{"start":{"line":12,"column":2},"end":{"line":12,"column":21}},"loc":{"start":{"line":12,"column":21},"end":{"line":18,"column":3}}},"2":{"name":"(anonymous_2)","decl":{"start":{"line":14,"column":13},"end":{"line":14,"column":15}},"loc":{"start":{"line":14,"column":19},"end":{"line":14,"column":57}}},"3":{"name":"(anonymous_3)","decl":{"start":{"line":16,"column":13},"end":{"line":16,"column":15}},"loc":{"start":{"line":16,"column":19},"end":{"line":16,"column":84}}},"4":{"name":"(anonymous_4)","decl":{"start":{"line":20,"column":2},"end":{"line":20,"column":21}},"loc":{"start":{"line":20,"column":21},"end":{"line":28,"column":3}}},"5":{"name":"(anonymous_5)","decl":{"start":{"line":22,"column":13},"end":{"line":22,"column":15}},"loc":{"start":{"line":22,"column":19},"end":{"line":22,"column":46}}},"6":{"name":"(anonymous_6)","decl":{"start":{"line":24,"column":13},"end":{"line":24,"column":15}},"loc":{"start":{"line":24,"column":19},"end":{"line":24,"column":53}}},"7":{"name":"(anonymous_7)","decl":{"start":{"line":26,"column":13},"end":{"line":26,"column":15}},"loc":{"start":{"line":26,"column":19},"end":{"line":26,"column":65}}},"8":{"name":"(anonymous_8)","decl":{"start":{"line":30,"column":2},"end":{"line":30,"column":24}},"loc":{"start":{"line":30,"column":24},"end":{"line":36,"column":3}}},"9":{"name":"(anonymous_9)","decl":{"start":{"line":32,"column":13},"end":{"line":32,"column":15}},"loc":{"start":{"line":32,"column":19},"end":{"line":32,"column":57}}},"10":{"name":"(anonymous_10)","decl":{"start":{"line":34,"column":13},"end":{"line":34,"column":15}},"loc":{"start":{"line":34,"column":19},"end":{"line":34,"column":84}}},"11":{"name":"(anonymous_11)","decl":{"start":{"line":38,"column":2},"end":{"line":38,"column":24}},"loc":{"start":{"line":38,"column":24},"end":{"line":48,"column":3}}},"12":{"name":"(anonymous_12)","decl":{"start":{"line":40,"column":13},"end":{"line":40,"column":15}},"loc":{"start":{"line":40,"column":19},"end":{"line":40,"column":46}}},"13":{"name":"(anonymous_13)","decl":{"start":{"line":42,"column":13},"end":{"line":42,"column":15}},"loc":{"start":{"line":42,"column":19},"end":{"line":42,"column":61}}},"14":{"name":"(anonymous_14)","decl":{"start":{"line":44,"column":13},"end":{"line":44,"column":15}},"loc":{"start":{"line":44,"column":19},"end":{"line":44,"column":65}}},"15":{"name":"(anonymous_15)","decl":{"start":{"line":46,"column":13},"end":{"line":46,"column":15}},"loc":{"start":{"line":46,"column":19},"end":{"line":46,"column":64}}},"16":{"name":"(anonymous_16)","decl":{"start":{"line":50,"column":2},"end":{"line":50,"column":14}},"loc":{"start":{"line":50,"column":14},"end":{"line":52,"column":3}}},"17":{"name":"(anonymous_17)","decl":{"start":{"line":54,"column":2},"end":{"line":54,"column":12}},"loc":{"start":{"line":54,"column":12},"end":{"line":56,"column":3}}},"18":{"name":"(anonymous_18)","decl":{"start":{"line":58,"column":2},"end":{"line":58,"column":18}},"loc":{"start":{"line":58,"column":18},"end":{"line":60,"column":3}}},"19":{"name":"(anonymous_19)","decl":{"start":{"line":62,"column":2},"end":{"line":62,"column":17}},"loc":{"start":{"line":62,"column":17},"end":{"line":64,"column":3}}},"20":{"name":"(anonymous_20)","decl":{"start":{"line":66,"column":2},"end":{"line":66,"column":21}},"loc":{"start":{"line":66,"column":21},"end":{"line":68,"column":3}}},"21":{"name":"(anonymous_21)","decl":{"start":{"line":70,"column":2},"end":{"line":70,"column":10}},"loc":{"start":{"line":70,"column":10},"end":{"line":72,"column":3}}},"22":{"name":"(anonymous_22)","decl":{"start":{"line":74,"column":2},"end":{"line":74,"column":19}},"loc":{"start":{"line":74,"column":19},"end":{"line":76,"column":3}}}},"branchMap":{},"s":{"0":3,"1":3,"2":3,"3":3,"4":3,"5":3,"6":3,"7":3,"8":4,"9":4,"10":4,"11":4,"12":4,"13":4,"14":4,"15":4,"16":4,"17":4,"18":8,"19":8,"20":8,"21":8,"22":8,"23":1,"24":3,"25":4,"26":7,"27":6,"28":6,"29":2,"30":3},"f":{"0":3,"1":4,"2":4,"3":4,"4":4,"5":4,"6":4,"7":4,"8":4,"9":4,"10":4,"11":8,"12":8,"13":8,"14":8,"15":8,"16":1,"17":3,"18":4,"19":7,"20":6,"21":6,"22":2},"b":{}}
}
