TN:
SF:src\orders\order.service.ts
FN:6,(anonymous_0)
FN:8,(anonymous_1)
FN:12,(anonymous_2)
FN:18,(anonymous_3)
FNF:4
FNH:4
FNDA:5,(anonymous_0)
FNDA:1,(anonymous_1)
FNDA:4,(anonymous_2)
FNDA:6,(anonymous_3)
DA:4,1
DA:6,5
DA:9,1
DA:13,4
DA:14,2
DA:15,2
DA:19,6
DA:20,2
LF:8
LH:8
BRDA:19,0,0,2
BRDA:19,0,1,4
BRF:2
BRH:2
end_of_record
TN:
SF:src\products\product.service.ts
FN:7,(anonymous_0)
FN:9,(anonymous_1)
FN:13,(anonymous_2)
FN:18,(anonymous_3)
FNF:4
FNH:4
FNDA:5,(anonymous_0)
FNDA:1,(anonymous_1)
FNDA:1,(anonymous_2)
FNDA:1,(anonymous_3)
DA:5,1
DA:7,5
DA:10,1
DA:14,1
DA:15,1
DA:19,1
DA:20,1
LF:7
LH:7
BRF:0
BRH:0
end_of_record
TN:
SF:src\stocks\stock.service.ts
FN:7,(anonymous_0)
FN:9,(anonymous_1)
FN:14,(anonymous_2)
FN:22,(anonymous_3)
FN:26,(anonymous_4)
FN:31,(anonymous_5)
FN:36,(anonymous_6)
FN:41,(anonymous_7)
FN:47,(anonymous_8)
FNF:9
FNH:8
FNDA:9,(anonymous_0)
FNDA:0,(anonymous_1)
FNDA:1,(anonymous_2)
FNDA:1,(anonymous_3)
FNDA:1,(anonymous_4)
FNDA:5,(anonymous_5)
FNDA:4,(anonymous_6)
FNDA:5,(anonymous_7)
FNDA:4,(anonymous_8)
DA:5,1
DA:7,9
DA:10,0
DA:11,0
DA:15,1
DA:19,1
DA:23,1
DA:27,1
DA:28,1
DA:32,5
DA:33,3
DA:37,4
DA:38,2
DA:42,5
DA:43,2
DA:48,4
DA:49,2
LF:17
LH:15
BRDA:42,0,0,2
BRDA:42,0,1,3
BRDA:48,1,0,2
BRDA:48,1,1,2
BRF:4
BRH:4
end_of_record
TN:
SF:test\helpers\mockProvider.ts
FN:10,(anonymous_0)
FN:12,(anonymous_1)
FN:14,(anonymous_2)
FN:16,(anonymous_3)
FN:20,(anonymous_4)
FN:22,(anonymous_5)
FN:24,(anonymous_6)
FN:26,(anonymous_7)
FN:30,(anonymous_8)
FN:32,(anonymous_9)
FN:34,(anonymous_10)
FN:38,(anonymous_11)
FN:40,(anonymous_12)
FN:42,(anonymous_13)
FN:44,(anonymous_14)
FN:46,(anonymous_15)
FN:50,(anonymous_16)
FN:54,(anonymous_17)
FN:58,(anonymous_18)
FN:62,(anonymous_19)
FN:66,(anonymous_20)
FN:70,(anonymous_21)
FN:74,(anonymous_22)
FNF:23
FNH:23
FNDA:3,(anonymous_0)
FNDA:4,(anonymous_1)
FNDA:4,(anonymous_2)
FNDA:4,(anonymous_3)
FNDA:4,(anonymous_4)
FNDA:4,(anonymous_5)
FNDA:4,(anonymous_6)
FNDA:4,(anonymous_7)
FNDA:4,(anonymous_8)
FNDA:4,(anonymous_9)
FNDA:4,(anonymous_10)
FNDA:8,(anonymous_11)
FNDA:8,(anonymous_12)
FNDA:8,(anonymous_13)
FNDA:8,(anonymous_14)
FNDA:8,(anonymous_15)
FNDA:1,(anonymous_16)
FNDA:3,(anonymous_17)
FNDA:4,(anonymous_18)
FNDA:7,(anonymous_19)
FNDA:6,(anonymous_20)
FNDA:6,(anonymous_21)
FNDA:2,(anonymous_22)
DA:4,3
DA:10,3
DA:13,4
DA:14,4
DA:16,4
DA:21,4
DA:22,4
DA:24,4
DA:26,4
DA:31,4
DA:32,4
DA:34,4
DA:39,8
DA:40,8
DA:42,8
DA:44,8
DA:46,8
DA:51,1
DA:55,3
DA:59,4
DA:63,7
DA:67,6
DA:71,6
DA:75,2
DA:78,3
DA:84,3
DA:88,3
DA:92,3
DA:96,3
DA:100,3
DA:105,3
LF:31
LH:31
BRF:0
BRH:0
end_of_record
